Using pre-set license
Built from '2022.3/china_unity/release' branch; Version is '2022.3.34f1c1 (1e17368ca73f) revision 1972022'; Using compiler version '192829333'; Build Type 'Release'
OS: 'Windows 11  (10.0.22631) 64bit CoreCountrySpecific' Language: 'zh' Physical Memory: 16236 MB
BatchMode: 1, IsHumanControllingUs: 0, StartBugReporterOnCrash: 0, Is64bit: 1, IsPro: 1

COMMAND LINE ARGUMENTS:
D:\2022.3.34Unity\Editor\Unity.exe
-adb2
-batchMode
-noUpm
-name
AssetImportWorker0
-projectPath
D:/UnityProbject/BearYooasset
-logFile
Logs/AssetImportWorker0.log
-srvPort
51344
Successfully changed project path to: D:/UnityProbject/BearYooasset
D:/UnityProbject/BearYooasset
[UnityMemory] Configuration Parameters - Can be set up in boot.config
    "memorysetup-bucket-allocator-granularity=16"
    "memorysetup-bucket-allocator-bucket-count=8"
    "memorysetup-bucket-allocator-block-size=33554432"
    "memorysetup-bucket-allocator-block-count=8"
    "memorysetup-main-allocator-block-size=16777216"
    "memorysetup-thread-allocator-block-size=16777216"
    "memorysetup-gfx-main-allocator-block-size=16777216"
    "memorysetup-gfx-thread-allocator-block-size=16777216"
    "memorysetup-cache-allocator-block-size=4194304"
    "memorysetup-typetree-allocator-block-size=2097152"
    "memorysetup-profiler-bucket-allocator-granularity=16"
    "memorysetup-profiler-bucket-allocator-bucket-count=8"
    "memorysetup-profiler-bucket-allocator-block-size=33554432"
    "memorysetup-profiler-bucket-allocator-block-count=8"
    "memorysetup-profiler-allocator-block-size=16777216"
    "memorysetup-profiler-editor-allocator-block-size=1048576"
    "memorysetup-temp-allocator-size-main=16777216"
    "memorysetup-job-temp-allocator-block-size=2097152"
    "memorysetup-job-temp-allocator-block-size-background=1048576"
    "memorysetup-job-temp-allocator-reduction-small-platforms=262144"
    "memorysetup-allocator-temp-initial-block-size-main=262144"
    "memorysetup-allocator-temp-initial-block-size-worker=262144"
    "memorysetup-temp-allocator-size-background-worker=32768"
    "memorysetup-temp-allocator-size-job-worker=262144"
    "memorysetup-temp-allocator-size-preload-manager=33554432"
    "memorysetup-temp-allocator-size-nav-mesh-worker=65536"
    "memorysetup-temp-allocator-size-audio-worker=65536"
    "memorysetup-temp-allocator-size-cloud-worker=32768"
    "memorysetup-temp-allocator-size-gi-baking-worker=262144"
    "memorysetup-temp-allocator-size-gfx=262144"
Player connection [31556] Host "[IP] 26.146.242.30 [Port] 0 [Flags] 2 [Guid] 3822697051 [EditorId] 3822697051 [Version] 1048832 [Id] WindowsEditor(7,有点困) [Debug] 1 [PackageName] WindowsEditor [ProjectName] Editor" joined multi-casting on [225.0.0.222:54997]...

Player connection [31556] Host "[IP] 26.146.242.30 [Port] 0 [Flags] 2 [Guid] 3822697051 [EditorId] 3822697051 [Version] 1048832 [Id] WindowsEditor(7,有点困) [Debug] 1 [PackageName] WindowsEditor [ProjectName] Editor" joined alternative multi-casting on [225.0.0.222:34997]...

[PhysX] Initialized MultithreadedTaskDispatcher with 16 workers.
Refreshing native plugins compatible for Editor in 39.59 ms, found 3 plugins.
Preloading 0 native plugins for Editor in 0.00 ms.
Initialize engine version: 2022.3.34f1c1 (1e17368ca73f)
[Subsystems] Discovering subsystems at path D:/2022.3.34Unity/Editor/Data/Resources/UnitySubsystems
[Subsystems] Discovering subsystems at path D:/UnityProbject/BearYooasset/Assets
GfxDevice: creating device client; threaded=0; jobified=0
Direct3D:
    Version:  Direct3D 11.0 [level 11.1]
    Renderer: NVIDIA GeForce RTX 3060 Laptop GPU (ID=0x2560)
    Vendor:   NVIDIA
    VRAM:     6010 MB
    Driver:   31.0.15.4630
Initialize mono
Mono path[0] = 'D:/2022.3.34Unity/Editor/Data/Managed'
Mono path[1] = 'D:/2022.3.34Unity/Editor/Data/MonoBleedingEdge/lib/mono/unityjit-win32'
Mono config path = 'D:/2022.3.34Unity/Editor/Data/MonoBleedingEdge/etc'
Using monoOptions --debugger-agent=transport=dt_socket,embedding=1,server=y,suspend=n,address=127.0.0.1:56068
Begin MonoManager ReloadAssembly
Registering precompiled unity dll's ...
Trying to register platform support module: D:/2022.3.34Unity/Editor/Data/PlaybackEngines/WebGLSupport/UnityEditor.WebGL.Extensions.dll (that doesn't exist). Retrying without overrides.
Platform support module is not available: D:/2022.3.34Unity/Editor/Data/PlaybackEngines/WebGLSupport/UnityEditor.WebGL.Extensions.dll
Register platform support module: D:/2022.3.34Unity/Editor/Data/PlaybackEngines/MacStandaloneSupport/UnityEditor.OSXStandalone.Extensions.dll
Register platform support module: D:/2022.3.34Unity/Editor/Data/PlaybackEngines/AndroidPlayer/UnityEditor.Android.Extensions.dll
Register platform support module: D:/2022.3.34Unity/Editor/Data/PlaybackEngines/iOSSupport/UnityEditor.iOS.Extensions.dll
Register platform support module: D:/2022.3.34Unity/Editor/Data/PlaybackEngines/VisionOSPlayer/UnityEditor.VisionOS.Extensions.dll
Register platform support module: D:/2022.3.34Unity/Editor/Data/PlaybackEngines/AppleTVSupport/UnityEditor.AppleTV.Extensions.dll
Register platform support module: D:/2022.3.34Unity/Editor/Data/PlaybackEngines/WindowsStandaloneSupport/UnityEditor.WindowsStandalone.Extensions.dll
Register platform support module: D:/2022.3.34Unity/Editor/Data/PlaybackEngines/LinuxStandaloneSupport/UnityEditor.LinuxStandalone.Extensions.dll
Register platform support module: D:/2022.3.34Unity/Editor/Data/PlaybackEngines/MetroSupport/UnityEditor.UWP.Extensions.dll
Registered in 0.066440 seconds.
- Loaded All Assemblies, in  0.596 seconds
Native extension for UWP target not found
Native extension for LinuxStandalone target not found
Native extension for WindowsStandalone target not found
[usbmuxd] Start listen thread
[usbmuxd] Listen thread started
Native extension for AppleTV target not found
Failed to load: D:/2022.3.34Unity/Editor/Data/PlaybackEngines/VisionOSPlayer\x64\UnityEditor.VisionOS.Native.dll
Native extension for VisionOS target not found
[usbmuxd] Start listen thread
[usbmuxd] Listen thread started
Native extension for iOS target not found
Native extension for Android target not found
Android Extension - Scanning For ADB Devices 625 ms
Native extension for OSXStandalone target not found
Mono: successfully reloaded assembly
- Finished resetting the current domain, in  1.026 seconds
Domain Reload Profiling: 1605ms
	BeginReloadAssembly (210ms)
		ExecutionOrderSort (0ms)
		DisableScriptedObjects (0ms)
		BackupInstance (0ms)
		ReleaseScriptingObjects (0ms)
		CreateAndSetChildDomain (1ms)
	RebuildCommonClasses (40ms)
	RebuildNativeTypeToScriptingClass (9ms)
	initialDomainReloadingComplete (144ms)
	LoadAllAssembliesAndSetupDomain (174ms)
		LoadAssemblies (203ms)
		RebuildTransferFunctionScriptingTraits (0ms)
		AnalyzeDomain (162ms)
			TypeCache.Refresh (160ms)
				TypeCache.ScanAssembly (145ms)
			ScanForSourceGeneratedMonoScriptInfo (0ms)
			ResolveRequiredComponents (1ms)
	FinalizeReload (1027ms)
		ReleaseScriptCaches (0ms)
		RebuildScriptCaches (0ms)
		SetupLoadedEditorAssemblies (975ms)
			LogAssemblyErrors (0ms)
			InitializePlatformSupportModulesInManaged (805ms)
			SetLoadedEditorAssemblies (6ms)
			RefreshPlugins (0ms)
			BeforeProcessingInitializeOnLoad (2ms)
			ProcessInitializeOnLoadAttributes (114ms)
			ProcessInitializeOnLoadMethodAttributes (47ms)
			AfterProcessingInitializeOnLoad (0ms)
			EditorAssembliesLoaded (0ms)
		ExecutionOrderSort2 (0ms)
		AwakeInstancesAfterBackupRestoration (0ms)
========================================================================
Worker process is ready to serve import requests
Begin MonoManager ReloadAssembly
- Loaded All Assemblies, in  0.964 seconds
Refreshing native plugins compatible for Editor in 17.12 ms, found 3 plugins.
Native extension for UWP target not found
Native extension for LinuxStandalone target not found
Native extension for WindowsStandalone target not found
Native extension for AppleTV target not found
Failed to load: D:/2022.3.34Unity/Editor/Data/PlaybackEngines/VisionOSPlayer\x64\UnityEditor.VisionOS.Native.dll
Native extension for VisionOS target not found
Native extension for iOS target not found
Native extension for Android target not found
Native extension for OSXStandalone target not found
Package Manager log level set to [2]
[Package Manager] Server::EnsureServerProcessIsRunning -- launch failed, reason: Unity was launched with the -noUpm command-line argument
[Package Manager] UpmClient::Send -- Unable to send message (not connected to UPM process).
[Package Manager] Cannot connect to Unity Package Manager local server
Mono: successfully reloaded assembly
- Finished resetting the current domain, in  0.947 seconds
Domain Reload Profiling: 1883ms
	BeginReloadAssembly (250ms)
		ExecutionOrderSort (0ms)
		DisableScriptedObjects (6ms)
		BackupInstance (0ms)
		ReleaseScriptingObjects (0ms)
		CreateAndSetChildDomain (23ms)
	RebuildCommonClasses (34ms)
	RebuildNativeTypeToScriptingClass (9ms)
	initialDomainReloadingComplete (75ms)
	LoadAllAssembliesAndSetupDomain (567ms)
		LoadAssemblies (563ms)
		RebuildTransferFunctionScriptingTraits (0ms)
		AnalyzeDomain (174ms)
			TypeCache.Refresh (153ms)
				TypeCache.ScanAssembly (137ms)
			ScanForSourceGeneratedMonoScriptInfo (16ms)
			ResolveRequiredComponents (4ms)
	FinalizeReload (948ms)
		ReleaseScriptCaches (0ms)
		RebuildScriptCaches (0ms)
		SetupLoadedEditorAssemblies (792ms)
			LogAssemblyErrors (0ms)
			InitializePlatformSupportModulesInManaged (97ms)
			SetLoadedEditorAssemblies (4ms)
			RefreshPlugins (0ms)
			BeforeProcessingInitializeOnLoad (118ms)
			ProcessInitializeOnLoadAttributes (517ms)
			ProcessInitializeOnLoadMethodAttributes (21ms)
			AfterProcessingInitializeOnLoad (36ms)
			EditorAssembliesLoaded (0ms)
		ExecutionOrderSort2 (0ms)
		AwakeInstancesAfterBackupRestoration (8ms)
Launched and connected shader compiler UnityShaderCompiler.exe after 0.07 seconds
Refreshing native plugins compatible for Editor in 18.96 ms, found 3 plugins.
Preloading 0 native plugins for Editor in 0.00 ms.
Unloading 3655 Unused Serialized files (Serialized files now loaded: 0)
Unloading 34 unused Assets / (57.6 KB). Loaded Objects now: 4119.
Memory consumption went from 135.7 MB to 135.7 MB.
Total: 3.673100 ms (FindLiveObjects: 0.245700 ms CreateObjectMapping: 0.194300 ms MarkObjects: 3.128100 ms  DeleteObjects: 0.103900 ms)

AssetImportParameters requested are different than current active one (requested -> active):
  custom:container-demuxer-ogg: 62fdf1f143b41e24485cea50d1cbac27 -> 
  custom:video-codec-MediaFoundation-h265: 746d11721c4dcdbdad8f713fa42b33f4 -> 
  custom:video-decoder-ogg-theora: a1e56fd34408186e4bbccfd4996cb3dc -> 
  custom:framework-win-MediaFoundation: 216162199b28c13a410421893ffa2e32 -> 
  custom:CustomObjectIndexerAttribute: 9a22284fe3817be447336de3de66b15e -> 
  custom:container-demuxer-webm: 4f35f7cbe854078d1ac9338744f61a02 -> 
  custom:scripting/monoscript/fileName/StateMachine.cs: 4752e958e06e35ed9c1224cc3c2fc022 -> 280311c015d8f3925926933c43a7b2c7
  custom:container-muxer-webm: aa71ff27fc2769a1b78a27578f13a17b -> 
  custom:video-decoder-webm-vp8: 9c59270c3fd7afecdb556c50c9e8de78 -> 
  custom:SearchIndexIgnoredProperties: e643bd26f0fe6173181afceb89e7c659 -> 
  custom:AudioImporter_EditorPlatform: d09bf68614088b80899f8185d706f6e7 -> 
  custom:video-encoder-webm-vp8: eb34c28f22e8b96e1ab97ce403110664 -> 
  custom:audio-decoder-ogg-vorbis: bf7c407c2cedff20999df2af8eb42d56 -> 
  custom:audio-encoder-webm-vorbis: bf7c407c2cedff20999df2af8eb42d56 -> 
  custom:scripting/monoscript/fileName/TextureTools.cs:  -> 24c6797b73efc1683e94a8219a00c46c
  custom:scripting/monoscript/fileName/UserEventDefine.cs:  -> bd9ba408437ada435aaddc96d4e308fc
  custom:scripting/precompiled-assembly-types:UniFramework.Event:  -> 5f120eaccb18d1e863f9496693cc08d3
  custom:scripting/monoscript/fileName/GameManager.cs:  -> e3f94c2a47f32e03734c7ce1f891cd6b
  custom:scripting/monoscript/fileName/IEventMessage.cs:  -> 9ee15b6cbe935460bc622a574683efbe
  custom:scripting/monoscript/fileName/UniLogger.cs:  -> 9cb5798eff6dca22b01e631952d23611
  custom:scripting/monoscript/fileName/EntityAsteroid.cs:  -> c99949005c936f321f31b8c3c6971c85
  custom:scripting/monoscript/fileName/UILoadingWindow.cs:  -> 23f6f018484368709a075d08523ea3a1
  custom:scripting/monoscript/fileName/UniEventDriver.cs:  -> f895551f3c81cf0db26bceee2bf3f0e0
  custom:scripting/monoscript/fileName/SceneHome.cs:  -> 705298dd3b671fe9292f60a1c0b6a81c
  custom:scripting/monoscript/fileName/FsmRequestPackageVersion.cs:  -> 11e1fc528638a084286b726698e831d9
  custom:scripting/monoscript/fileName/PatchOperation.cs:  -> af7b3946d2e28a0ad3dfdbee5113d56a
  custom:scripting/monoscript/fileName/TextureSchema.cs:  -> d761989a48365bcaca06575e36ff17e1
  custom:scripting/precompiled-assembly-types:UniFramework.Machine:  -> 61603517e871402618e22121c83c68d7
  custom:scripting/monoscript/fileName/EntityPlayer.cs:  -> 355d151b79ccbc73c79429f05a77b4aa
  custom:scripting/monoscript/fileName/FsmDownloadPackageFiles.cs:  -> c97e46d89d1592f76baef8b6bb372aa2
  custom:scripting/monoscript/fileName/StringFormat.cs:  -> 82ec7bcab40067188d35be5458fd2570
  custom:scripting/monoscript/fileName/EventGroup.cs:  -> 233492b9f5266b17a98fadf75f55f923
  custom:scripting/monoscript/fileName/PatchWindow.cs:  -> 9c060cfb69daba077dfa0f46a5ac7c5b
  custom:scripting/monoscript/fileName/UniEvent.cs:  -> 0de24e2c8c060afe25ba364d00f50c47
  custom:scripting/monoscript/fileName/IStateNode.cs:  -> f5f04371a5cfa7c71a2699655e599101
  custom:scripting/monoscript/fileName/BackgroundScroller.cs:  -> 911a16b4bf9d00fb38fb5e733f977888
  custom:scripting/monoscript/fileName/EntityBullet.cs:  -> cb4e805de2cfe4751374a46c7ce9c454
  custom:scripting/monoscript/fileName/PatchEventDefine.cs:  -> fef75cf5fb7d9ee7895a9450bccaca26
  custom:scripting/monoscript/fileName/FsmDownloadPackageOver.cs:  -> b877198180957275291676319d7f5a6f
  custom:scripting/monoscript/fileName/FsmInitializePackage.cs:  -> ea94e13aa84abd1bfc80b9948f1df0e9
  custom:scripting/monoscript/fileName/EntityEnemy.cs:  -> fe354cf585e6892b801a8d3865661eed
  custom:scripting/monoscript/fileName/FsmUpdatePackageManifest.cs:  -> 45b0942481563e9c9df686174ea70946
  custom:scripting/monoscript/fileName/BitMask64.cs:  -> 4c3fd511ccbd1ad7222885806fc3f1f0
  custom:scripting/monoscript/fileName/UIHomeWindow.cs:  -> 42261c094a8de3c162a323ef514bd297
  custom:scripting/precompiled-assembly-types:UniFramework.Utility:  -> dee1b8aff0e35f90ea9eb6fad2d71ca4
  custom:scripting/monoscript/fileName/FsmStartGame.cs:  -> 71e20c8d2879becebd180a22a66f4038
  custom:scripting/monoscript/fileName/SceneEventDefine.cs:  -> 62535c2d7aa42cbf0f87b77a9314e948
  custom:scripting/monoscript/fileName/EntityEffect.cs:  -> 18691a8a203a25e855b8c6acbd50d07c
  custom:scripting/monoscript/fileName/UniTimer.cs:  -> d1bbddfa60f18e7024bd678c9c0922e8
  custom:scripting/monoscript/fileName/Boot.cs:  -> 99ba4591bd5fcad60c3e158d03fe27a1
  custom:scripting/monoscript/fileName/SchemaTools.cs:  -> a0246e31a7be51ee2f8c4428c62893fc
  custom:scripting/monoscript/fileName/UIBattleWindow.cs:  -> f5776232ad421158f837d7dc925c1a6e
  custom:scripting/monoscript/fileName/UIAboutWindow.cs:  -> 02c6109c5106a06fb9699cf30d392110
  custom:scripting/monoscript/fileName/FsmCreateDownloader.cs:  -> d20c8a4db96edd02a2c3e3daf991ee4b
  custom:scripting/monoscript/fileName/StringConvert.cs:  -> a67f248e83180f44375a3c48009c68bf
  custom:scripting/monoscript/fileName/BattleRoom.cs:  -> 7ac9ff9fb33741f0b7184f059fc3ff42
  custom:scripting/monoscript/fileName/BitMask32.cs:  -> cfcf2faf3ad9089e14783e0113fdddcb
  custom:scripting/monoscript/fileName/SceneBattle.cs:  -> dc279ad328e8baf687c9bc2480aa5464
  custom:scripting/precompiled-assembly-types:Assembly-CSharp-Editor:  -> 6e899d9c799ec34d9556af49c5ed8d51
  custom:scripting/monoscript/fileName/FsmClearCacheBundle.cs:  -> 298d2b82bba38522f2d05d7454f0cbe2
  custom:scripting/precompiled-assembly-types:Assembly-CSharp:  -> 134dbab3b3fca7e4f65e21d9e6737374
  custom:scripting/monoscript/fileName/BattleEventDefine.cs:  -> 12784b7c683035822c0659d89848340c
========================================================================
Received Prepare
Begin MonoManager ReloadAssembly
- Loaded All Assemblies, in  0.811 seconds
Refreshing native plugins compatible for Editor in 28.21 ms, found 3 plugins.
Native extension for UWP target not found
Native extension for LinuxStandalone target not found
Native extension for WindowsStandalone target not found
Native extension for AppleTV target not found
Failed to load: D:/2022.3.34Unity/Editor/Data/PlaybackEngines/VisionOSPlayer\x64\UnityEditor.VisionOS.Native.dll
Native extension for VisionOS target not found
Native extension for iOS target not found
Native extension for Android target not found
Native extension for OSXStandalone target not found
[Package Manager] Server::EnsureServerProcessIsRunning -- launch failed, reason: Unity was launched with the -noUpm command-line argument
[Package Manager] UpmClient::Send -- Unable to send message (not connected to UPM process).
[Package Manager] Cannot connect to Unity Package Manager local server
Mono: successfully reloaded assembly
- Finished resetting the current domain, in  2.479 seconds
Domain Reload Profiling: 3261ms
	BeginReloadAssembly (276ms)
		ExecutionOrderSort (0ms)
		DisableScriptedObjects (6ms)
		BackupInstance (0ms)
		ReleaseScriptingObjects (0ms)
		CreateAndSetChildDomain (35ms)
	RebuildCommonClasses (35ms)
	RebuildNativeTypeToScriptingClass (11ms)
	initialDomainReloadingComplete (73ms)
	LoadAllAssembliesAndSetupDomain (386ms)
		LoadAssemblies (556ms)
		RebuildTransferFunctionScriptingTraits (0ms)
		AnalyzeDomain (10ms)
			TypeCache.Refresh (4ms)
				TypeCache.ScanAssembly (0ms)
			ScanForSourceGeneratedMonoScriptInfo (0ms)
			ResolveRequiredComponents (5ms)
	FinalizeReload (2479ms)
		ReleaseScriptCaches (0ms)
		RebuildScriptCaches (0ms)
		SetupLoadedEditorAssemblies (785ms)
			LogAssemblyErrors (0ms)
			InitializePlatformSupportModulesInManaged (119ms)
			SetLoadedEditorAssemblies (4ms)
			RefreshPlugins (0ms)
			BeforeProcessingInitializeOnLoad (134ms)
			ProcessInitializeOnLoadAttributes (471ms)
			ProcessInitializeOnLoadMethodAttributes (19ms)
			AfterProcessingInitializeOnLoad (37ms)
			EditorAssembliesLoaded (0ms)
		ExecutionOrderSort2 (0ms)
		AwakeInstancesAfterBackupRestoration (8ms)
Refreshing native plugins compatible for Editor in 19.11 ms, found 3 plugins.
Preloading 0 native plugins for Editor in 0.00 ms.
Unloading 3646 Unused Serialized files (Serialized files now loaded: 0)
Unloading 24 unused Assets / (31.6 KB). Loaded Objects now: 4122.
Memory consumption went from 133.8 MB to 133.8 MB.
Total: 3.319600 ms (FindLiveObjects: 0.258400 ms CreateObjectMapping: 0.206100 ms MarkObjects: 2.800000 ms  DeleteObjects: 0.054100 ms)

Prepare: number of updated asset objects reloaded= 0
AssetImportParameters requested are different than current active one (requested -> active):
  custom:container-demuxer-ogg: 62fdf1f143b41e24485cea50d1cbac27 -> 
  custom:video-codec-MediaFoundation-h265: 746d11721c4dcdbdad8f713fa42b33f4 -> 
  custom:video-decoder-ogg-theora: a1e56fd34408186e4bbccfd4996cb3dc -> 
  custom:framework-win-MediaFoundation: 216162199b28c13a410421893ffa2e32 -> 
  custom:CustomObjectIndexerAttribute: 9a22284fe3817be447336de3de66b15e -> 
  custom:container-demuxer-webm: 4f35f7cbe854078d1ac9338744f61a02 -> 
  custom:container-muxer-webm: aa71ff27fc2769a1b78a27578f13a17b -> 
  custom:video-decoder-webm-vp8: 9c59270c3fd7afecdb556c50c9e8de78 -> 
  custom:SearchIndexIgnoredProperties: e643bd26f0fe6173181afceb89e7c659 -> 
  custom:AudioImporter_EditorPlatform: d09bf68614088b80899f8185d706f6e7 -> 
  custom:video-encoder-webm-vp8: eb34c28f22e8b96e1ab97ce403110664 -> 
  custom:audio-decoder-ogg-vorbis: bf7c407c2cedff20999df2af8eb42d56 -> 
  custom:audio-encoder-webm-vorbis: bf7c407c2cedff20999df2af8eb42d56 -> 
========================================================================
Received Prepare
Assembly with name 'UniFramework.Utility' already exists (Assets/Samples/YooAsset/2.3.6/Space Shooter/ThirdParty/UniFramework/UniUtility/Runtime/UniFramework.Utility.asmdef)
Assembly with name 'UniFramework.Utility' already exists (Assets/Samples/Space Shooter/ThirdParty/UniFramework/UniUtility/Runtime/UniFramework.Utility.asmdef)
Assembly with name 'UniFramework.Machine' already exists (Assets/Samples/YooAsset/2.3.6/Space Shooter/ThirdParty/UniFramework/UniMachine/Runtime/UniFramework.Machine.asmdef)
Assembly with name 'UniFramework.Machine' already exists (Assets/Samples/Space Shooter/ThirdParty/UniFramework/UniMachine/Runtime/UniFramework.Machine.asmdef)
Assembly with name 'UniFramework.Event' already exists (Assets/Samples/YooAsset/2.3.6/Space Shooter/ThirdParty/UniFramework/UniEvent/Runtime/UniFramework.Event.asmdef)
Assembly with name 'UniFramework.Event' already exists (Assets/Samples/Space Shooter/ThirdParty/UniFramework/UniEvent/Runtime/UniFramework.Event.asmdef)
Assembly with name 'UniFramework.Utility' already exists (Assets/Samples/YooAsset/2.3.6/Space Shooter/ThirdParty/UniFramework/UniUtility/Runtime/UniFramework.Utility.asmdef)
Assembly with name 'UniFramework.Utility' already exists (Assets/Samples/Space Shooter/ThirdParty/UniFramework/UniUtility/Runtime/UniFramework.Utility.asmdef)
Assembly with name 'UniFramework.Machine' already exists (Assets/Samples/YooAsset/2.3.6/Space Shooter/ThirdParty/UniFramework/UniMachine/Runtime/UniFramework.Machine.asmdef)
Assembly with name 'UniFramework.Machine' already exists (Assets/Samples/Space Shooter/ThirdParty/UniFramework/UniMachine/Runtime/UniFramework.Machine.asmdef)
Assembly with name 'UniFramework.Event' already exists (Assets/Samples/YooAsset/2.3.6/Space Shooter/ThirdParty/UniFramework/UniEvent/Runtime/UniFramework.Event.asmdef)
Assembly with name 'UniFramework.Event' already exists (Assets/Samples/Space Shooter/ThirdParty/UniFramework/UniEvent/Runtime/UniFramework.Event.asmdef)
Begin MonoManager ReloadAssembly
- Loaded All Assemblies, in  0.820 seconds
Refreshing native plugins compatible for Editor in 18.84 ms, found 3 plugins.
Native extension for UWP target not found
Native extension for LinuxStandalone target not found
Native extension for WindowsStandalone target not found
Native extension for AppleTV target not found
Failed to load: D:/2022.3.34Unity/Editor/Data/PlaybackEngines/VisionOSPlayer\x64\UnityEditor.VisionOS.Native.dll
Native extension for VisionOS target not found
Native extension for iOS target not found
Native extension for Android target not found
Native extension for OSXStandalone target not found
Assembly with name 'UniFramework.Utility' already exists (Assets/Samples/YooAsset/2.3.6/Space Shooter/ThirdParty/UniFramework/UniUtility/Runtime/UniFramework.Utility.asmdef)
Assembly with name 'UniFramework.Utility' already exists (Assets/Samples/Space Shooter/ThirdParty/UniFramework/UniUtility/Runtime/UniFramework.Utility.asmdef)
Assembly with name 'UniFramework.Machine' already exists (Assets/Samples/YooAsset/2.3.6/Space Shooter/ThirdParty/UniFramework/UniMachine/Runtime/UniFramework.Machine.asmdef)
Assembly with name 'UniFramework.Machine' already exists (Assets/Samples/Space Shooter/ThirdParty/UniFramework/UniMachine/Runtime/UniFramework.Machine.asmdef)
Assembly with name 'UniFramework.Event' already exists (Assets/Samples/YooAsset/2.3.6/Space Shooter/ThirdParty/UniFramework/UniEvent/Runtime/UniFramework.Event.asmdef)
Assembly with name 'UniFramework.Event' already exists (Assets/Samples/Space Shooter/ThirdParty/UniFramework/UniEvent/Runtime/UniFramework.Event.asmdef)
[Package Manager] Server::EnsureServerProcessIsRunning -- launch failed, reason: Unity was launched with the -noUpm command-line argument
[Package Manager] UpmClient::Send -- Unable to send message (not connected to UPM process).
[Package Manager] Cannot connect to Unity Package Manager local server
Mono: successfully reloaded assembly
- Finished resetting the current domain, in  2.378 seconds
Domain Reload Profiling: 3167ms
	BeginReloadAssembly (262ms)
		ExecutionOrderSort (0ms)
		DisableScriptedObjects (5ms)
		BackupInstance (0ms)
		ReleaseScriptingObjects (0ms)
		CreateAndSetChildDomain (35ms)
	RebuildCommonClasses (33ms)
	RebuildNativeTypeToScriptingClass (10ms)
	initialDomainReloadingComplete (73ms)
	LoadAllAssembliesAndSetupDomain (410ms)
		LoadAssemblies (555ms)
		RebuildTransferFunctionScriptingTraits (0ms)
		AnalyzeDomain (20ms)
			TypeCache.Refresh (8ms)
				TypeCache.ScanAssembly (1ms)
			ScanForSourceGeneratedMonoScriptInfo (6ms)
			ResolveRequiredComponents (5ms)
	FinalizeReload (2379ms)
		ReleaseScriptCaches (0ms)
		RebuildScriptCaches (0ms)
		SetupLoadedEditorAssemblies (789ms)
			LogAssemblyErrors (0ms)
			InitializePlatformSupportModulesInManaged (99ms)
			SetLoadedEditorAssemblies (4ms)
			RefreshPlugins (0ms)
			BeforeProcessingInitializeOnLoad (158ms)
			ProcessInitializeOnLoadAttributes (470ms)
			ProcessInitializeOnLoadMethodAttributes (20ms)
			AfterProcessingInitializeOnLoad (39ms)
			EditorAssembliesLoaded (0ms)
		ExecutionOrderSort2 (0ms)
		AwakeInstancesAfterBackupRestoration (9ms)
Refreshing native plugins compatible for Editor in 18.73 ms, found 3 plugins.
Preloading 0 native plugins for Editor in 0.00 ms.
Unloading 3646 Unused Serialized files (Serialized files now loaded: 0)
Unloading 24 unused Assets / (31.6 KB). Loaded Objects now: 4125.
Memory consumption went from 133.9 MB to 133.9 MB.
Total: 3.804500 ms (FindLiveObjects: 0.242200 ms CreateObjectMapping: 0.231700 ms MarkObjects: 3.270000 ms  DeleteObjects: 0.059400 ms)

Prepare: number of updated asset objects reloaded= 0
AssetImportParameters requested are different than current active one (requested -> active):
  custom:container-demuxer-ogg: 62fdf1f143b41e24485cea50d1cbac27 -> 
  custom:video-codec-MediaFoundation-h265: 746d11721c4dcdbdad8f713fa42b33f4 -> 
  custom:video-decoder-ogg-theora: a1e56fd34408186e4bbccfd4996cb3dc -> 
  custom:framework-win-MediaFoundation: 216162199b28c13a410421893ffa2e32 -> 
  custom:CustomObjectIndexerAttribute: 9a22284fe3817be447336de3de66b15e -> 
  custom:container-demuxer-webm: 4f35f7cbe854078d1ac9338744f61a02 -> 
  custom:container-muxer-webm: aa71ff27fc2769a1b78a27578f13a17b -> 
  custom:video-decoder-webm-vp8: 9c59270c3fd7afecdb556c50c9e8de78 -> 
  custom:SearchIndexIgnoredProperties: e643bd26f0fe6173181afceb89e7c659 -> 
  custom:AudioImporter_EditorPlatform: d09bf68614088b80899f8185d706f6e7 -> 
  custom:video-encoder-webm-vp8: eb34c28f22e8b96e1ab97ce403110664 -> 
  custom:audio-decoder-ogg-vorbis: bf7c407c2cedff20999df2af8eb42d56 -> 
  custom:audio-encoder-webm-vorbis: bf7c407c2cedff20999df2af8eb42d56 -> 
========================================================================
Received Prepare
Assembly with name 'UniFramework.Utility' already exists (Assets/Samples/YooAsset/2.3.6/Space Shooter/ThirdParty/UniFramework/UniUtility/Runtime/UniFramework.Utility.asmdef)
Assembly with name 'UniFramework.Utility' already exists (Assets/Samples/Space Shooter/ThirdParty/UniFramework/UniUtility/Runtime/UniFramework.Utility.asmdef)
Assembly with name 'UniFramework.Machine' already exists (Assets/Samples/YooAsset/2.3.6/Space Shooter/ThirdParty/UniFramework/UniMachine/Runtime/UniFramework.Machine.asmdef)
Assembly with name 'UniFramework.Machine' already exists (Assets/Samples/Space Shooter/ThirdParty/UniFramework/UniMachine/Runtime/UniFramework.Machine.asmdef)
Assembly with name 'UniFramework.Event' already exists (Assets/Samples/YooAsset/2.3.6/Space Shooter/ThirdParty/UniFramework/UniEvent/Runtime/UniFramework.Event.asmdef)
Assembly with name 'UniFramework.Event' already exists (Assets/Samples/Space Shooter/ThirdParty/UniFramework/UniEvent/Runtime/UniFramework.Event.asmdef)
Assembly with name 'UniFramework.Utility' already exists (Assets/Samples/YooAsset/2.3.6/Space Shooter/ThirdParty/UniFramework/UniUtility/Runtime/UniFramework.Utility.asmdef)
Assembly with name 'UniFramework.Utility' already exists (Assets/Samples/Space Shooter/ThirdParty/UniFramework/UniUtility/Runtime/UniFramework.Utility.asmdef)
Assembly with name 'UniFramework.Machine' already exists (Assets/Samples/YooAsset/2.3.6/Space Shooter/ThirdParty/UniFramework/UniMachine/Runtime/UniFramework.Machine.asmdef)
Assembly with name 'UniFramework.Machine' already exists (Assets/Samples/Space Shooter/ThirdParty/UniFramework/UniMachine/Runtime/UniFramework.Machine.asmdef)
Assembly with name 'UniFramework.Event' already exists (Assets/Samples/YooAsset/2.3.6/Space Shooter/ThirdParty/UniFramework/UniEvent/Runtime/UniFramework.Event.asmdef)
Assembly with name 'UniFramework.Event' already exists (Assets/Samples/Space Shooter/ThirdParty/UniFramework/UniEvent/Runtime/UniFramework.Event.asmdef)
Begin MonoManager ReloadAssembly
- Loaded All Assemblies, in  0.804 seconds
Refreshing native plugins compatible for Editor in 21.37 ms, found 3 plugins.
Native extension for UWP target not found
Native extension for LinuxStandalone target not found
Native extension for WindowsStandalone target not found
Native extension for AppleTV target not found
Failed to load: D:/2022.3.34Unity/Editor/Data/PlaybackEngines/VisionOSPlayer\x64\UnityEditor.VisionOS.Native.dll
Native extension for VisionOS target not found
Native extension for iOS target not found
Native extension for Android target not found
Native extension for OSXStandalone target not found
Assembly with name 'UniFramework.Utility' already exists (Assets/Samples/YooAsset/2.3.6/Space Shooter/ThirdParty/UniFramework/UniUtility/Runtime/UniFramework.Utility.asmdef)
Assembly with name 'UniFramework.Utility' already exists (Assets/Samples/Space Shooter/ThirdParty/UniFramework/UniUtility/Runtime/UniFramework.Utility.asmdef)
Assembly with name 'UniFramework.Machine' already exists (Assets/Samples/YooAsset/2.3.6/Space Shooter/ThirdParty/UniFramework/UniMachine/Runtime/UniFramework.Machine.asmdef)
Assembly with name 'UniFramework.Machine' already exists (Assets/Samples/Space Shooter/ThirdParty/UniFramework/UniMachine/Runtime/UniFramework.Machine.asmdef)
Assembly with name 'UniFramework.Event' already exists (Assets/Samples/YooAsset/2.3.6/Space Shooter/ThirdParty/UniFramework/UniEvent/Runtime/UniFramework.Event.asmdef)
Assembly with name 'UniFramework.Event' already exists (Assets/Samples/Space Shooter/ThirdParty/UniFramework/UniEvent/Runtime/UniFramework.Event.asmdef)
[Package Manager] Server::EnsureServerProcessIsRunning -- launch failed, reason: Unity was launched with the -noUpm command-line argument
[Package Manager] UpmClient::Send -- Unable to send message (not connected to UPM process).
[Package Manager] Cannot connect to Unity Package Manager local server
Mono: successfully reloaded assembly
- Finished resetting the current domain, in  2.606 seconds
Domain Reload Profiling: 3381ms
	BeginReloadAssembly (262ms)
		ExecutionOrderSort (0ms)
		DisableScriptedObjects (5ms)
		BackupInstance (0ms)
		ReleaseScriptingObjects (0ms)
		CreateAndSetChildDomain (35ms)
	RebuildCommonClasses (28ms)
	RebuildNativeTypeToScriptingClass (10ms)
	initialDomainReloadingComplete (66ms)
	LoadAllAssembliesAndSetupDomain (408ms)
		LoadAssemblies (559ms)
		RebuildTransferFunctionScriptingTraits (0ms)
		AnalyzeDomain (12ms)
			TypeCache.Refresh (4ms)
				TypeCache.ScanAssembly (0ms)
			ScanForSourceGeneratedMonoScriptInfo (0ms)
			ResolveRequiredComponents (6ms)
	FinalizeReload (2606ms)
		ReleaseScriptCaches (0ms)
		RebuildScriptCaches (0ms)
		SetupLoadedEditorAssemblies (830ms)
			LogAssemblyErrors (0ms)
			InitializePlatformSupportModulesInManaged (104ms)
			SetLoadedEditorAssemblies (5ms)
			RefreshPlugins (0ms)
			BeforeProcessingInitializeOnLoad (160ms)
			ProcessInitializeOnLoadAttributes (498ms)
			ProcessInitializeOnLoadMethodAttributes (21ms)
			AfterProcessingInitializeOnLoad (40ms)
			EditorAssembliesLoaded (0ms)
		ExecutionOrderSort2 (0ms)
		AwakeInstancesAfterBackupRestoration (9ms)
Refreshing native plugins compatible for Editor in 20.78 ms, found 3 plugins.
Preloading 0 native plugins for Editor in 0.00 ms.
Unloading 3646 Unused Serialized files (Serialized files now loaded: 0)
Unloading 24 unused Assets / (31.6 KB). Loaded Objects now: 4128.
Memory consumption went from 133.9 MB to 133.9 MB.
Total: 3.681100 ms (FindLiveObjects: 0.297500 ms CreateObjectMapping: 0.252000 ms MarkObjects: 3.074900 ms  DeleteObjects: 0.055400 ms)

Prepare: number of updated asset objects reloaded= 0
AssetImportParameters requested are different than current active one (requested -> active):
  custom:container-demuxer-ogg: 62fdf1f143b41e24485cea50d1cbac27 -> 
  custom:video-codec-MediaFoundation-h265: 746d11721c4dcdbdad8f713fa42b33f4 -> 
  custom:video-decoder-ogg-theora: a1e56fd34408186e4bbccfd4996cb3dc -> 
  custom:framework-win-MediaFoundation: 216162199b28c13a410421893ffa2e32 -> 
  custom:CustomObjectIndexerAttribute: 9a22284fe3817be447336de3de66b15e -> 
  custom:container-demuxer-webm: 4f35f7cbe854078d1ac9338744f61a02 -> 
  custom:container-muxer-webm: aa71ff27fc2769a1b78a27578f13a17b -> 
  custom:video-decoder-webm-vp8: 9c59270c3fd7afecdb556c50c9e8de78 -> 
  custom:SearchIndexIgnoredProperties: e643bd26f0fe6173181afceb89e7c659 -> 
  custom:AudioImporter_EditorPlatform: d09bf68614088b80899f8185d706f6e7 -> 
  custom:video-encoder-webm-vp8: eb34c28f22e8b96e1ab97ce403110664 -> 
  custom:audio-decoder-ogg-vorbis: bf7c407c2cedff20999df2af8eb42d56 -> 
  custom:audio-encoder-webm-vorbis: bf7c407c2cedff20999df2af8eb42d56 -> 
========================================================================
Received Import Request.
  Time since last request: 24586.545135 seconds.
  path: Assets/Samples/Space Shooter/GameRes
  artifactKey: Guid(5a3e7ee49993eb743836caef72b949ce) Importer(815301076,1909f56bfc062723c751e8b465ee728b)
Start importing Assets/Samples/Space Shooter/GameRes using Guid(5a3e7ee49993eb743836caef72b949ce) Importer(815301076,1909f56bfc062723c751e8b465ee728b) [PhysX] Initialized MultithreadedTaskDispatcher with 16 workers.
 -> (artifact id: '1cc8954b68963084dd0f9599667748ea') in 0.002123 seconds
Number of updated asset objects reloaded before import = 0
Number of asset objects unloaded after import = 0
========================================================================
Received Import Request.
  Time since last request: 7.804083 seconds.
  path: Assets/Samples/Space Shooter/GameRes/Scene
  artifactKey: Guid(6070eae1192f2994887f2983a177d503) Importer(815301076,1909f56bfc062723c751e8b465ee728b)
Start importing Assets/Samples/Space Shooter/GameRes/Scene using Guid(6070eae1192f2994887f2983a177d503) Importer(815301076,1909f56bfc062723c751e8b465ee728b) [PhysX] Initialized MultithreadedTaskDispatcher with 16 workers.
 -> (artifact id: '6897074985ce1745ccbf7bd6b7e9e823') in 0.000867 seconds
Number of updated asset objects reloaded before import = 0
Number of asset objects unloaded after import = 0
========================================================================
Received Import Request.
  Time since last request: 60.975806 seconds.
  path: Assets/Samples/Space Shooter/GameRes/Scene/scene_battleSettings.lighting
  artifactKey: Guid(269b07723b31d484e85034b9691f5d05) Importer(815301076,1909f56bfc062723c751e8b465ee728b)
Start importing Assets/Samples/Space Shooter/GameRes/Scene/scene_battleSettings.lighting using Guid(269b07723b31d484e85034b9691f5d05) Importer(815301076,1909f56bfc062723c751e8b465ee728b) [PhysX] Initialized MultithreadedTaskDispatcher with 16 workers.
LightingSettings: switching bake backend from 1 to 0.
 -> (artifact id: '505909eeb9595a7635b5a8cdde375a71') in 0.010142 seconds
Number of updated asset objects reloaded before import = 0
Number of asset objects unloaded after import = 1
========================================================================
Received Import Request.
  Time since last request: 0.533217 seconds.
  path: Assets/Samples/Space Shooter/GameRes/Scene/scene_home.unity
  artifactKey: Guid(d1f972c576a5e20448964044e23ac974) Importer(815301076,1909f56bfc062723c751e8b465ee728b)
Start importing Assets/Samples/Space Shooter/GameRes/Scene/scene_home.unity using Guid(d1f972c576a5e20448964044e23ac974) Importer(815301076,1909f56bfc062723c751e8b465ee728b) [PhysX] Initialized MultithreadedTaskDispatcher with 16 workers.
 -> (artifact id: '16a9049d3531be999f4e701f86081abe') in 0.000856 seconds
Number of updated asset objects reloaded before import = 0
Number of asset objects unloaded after import = 0
========================================================================
Received Import Request.
  Time since last request: 0.477455 seconds.
  path: Assets/Samples/Space Shooter/GameRes/Scene/scene_battle.unity
  artifactKey: Guid(367249c8f14b3a041b2a5c9a2b7de7a5) Importer(815301076,1909f56bfc062723c751e8b465ee728b)
Start importing Assets/Samples/Space Shooter/GameRes/Scene/scene_battle.unity using Guid(367249c8f14b3a041b2a5c9a2b7de7a5) Importer(815301076,1909f56bfc062723c751e8b465ee728b) [PhysX] Initialized MultithreadedTaskDispatcher with 16 workers.
 -> (artifact id: 'b3d63fdeb67187ded4d9aa57fe60048f') in 0.000845 seconds
Number of updated asset objects reloaded before import = 0
Number of asset objects unloaded after import = 0
========================================================================
Received Import Request.
  Time since last request: 0.947925 seconds.
  path: Assets/Samples/Space Shooter/GameRes/Scene/scene_homeSettings.lighting
  artifactKey: Guid(ce19ad4aed57dde42b11449845f36731) Importer(815301076,1909f56bfc062723c751e8b465ee728b)
Start importing Assets/Samples/Space Shooter/GameRes/Scene/scene_homeSettings.lighting using Guid(ce19ad4aed57dde42b11449845f36731) Importer(815301076,1909f56bfc062723c751e8b465ee728b) [PhysX] Initialized MultithreadedTaskDispatcher with 16 workers.
 -> (artifact id: 'a30d72f07606628387f62bf651c117d1') in 0.002201 seconds
Number of updated asset objects reloaded before import = 0
Number of asset objects unloaded after import = 1
========================================================================
Received Import Request.
  Time since last request: 28.899797 seconds.
  path: Assets/Samples/Space Shooter/ThirdParty
  artifactKey: Guid(af3998ac960c12c419cbfdb0df4c4f20) Importer(815301076,1909f56bfc062723c751e8b465ee728b)
Start importing Assets/Samples/Space Shooter/ThirdParty using Guid(af3998ac960c12c419cbfdb0df4c4f20) Importer(815301076,1909f56bfc062723c751e8b465ee728b) [PhysX] Initialized MultithreadedTaskDispatcher with 16 workers.
 -> (artifact id: '6a1a1fe0208137bb31d115f2be658fec') in 0.000706 seconds
Number of updated asset objects reloaded before import = 0
Number of asset objects unloaded after import = 0
========================================================================
Received Prepare
Assembly with name 'UniFramework.Utility' already exists (Assets/Samples/YooAsset/2.3.6/Space Shooter/ThirdParty/UniFramework/UniUtility/Runtime/UniFramework.Utility.asmdef)
Assembly with name 'UniFramework.Utility' already exists (Assets/Samples/Space Shooter/ThirdParty/UniFramework/UniUtility/Runtime/UniFramework.Utility.asmdef)
Assembly with name 'UniFramework.Machine' already exists (Assets/Samples/YooAsset/2.3.6/Space Shooter/ThirdParty/UniFramework/UniMachine/Runtime/UniFramework.Machine.asmdef)
Assembly with name 'UniFramework.Machine' already exists (Assets/Samples/Space Shooter/ThirdParty/UniFramework/UniMachine/Runtime/UniFramework.Machine.asmdef)
Assembly with name 'UniFramework.Event' already exists (Assets/Samples/YooAsset/2.3.6/Space Shooter/ThirdParty/UniFramework/UniEvent/Runtime/UniFramework.Event.asmdef)
Assembly with name 'UniFramework.Event' already exists (Assets/Samples/Space Shooter/ThirdParty/UniFramework/UniEvent/Runtime/UniFramework.Event.asmdef)
Assembly with name 'UniFramework.Utility' already exists (Assets/Samples/YooAsset/2.3.6/Space Shooter/ThirdParty/UniFramework/UniUtility/Runtime/UniFramework.Utility.asmdef)
Assembly with name 'UniFramework.Utility' already exists (Assets/Samples/Space Shooter/ThirdParty/UniFramework/UniUtility/Runtime/UniFramework.Utility.asmdef)
Assembly with name 'UniFramework.Machine' already exists (Assets/Samples/YooAsset/2.3.6/Space Shooter/ThirdParty/UniFramework/UniMachine/Runtime/UniFramework.Machine.asmdef)
Assembly with name 'UniFramework.Machine' already exists (Assets/Samples/Space Shooter/ThirdParty/UniFramework/UniMachine/Runtime/UniFramework.Machine.asmdef)
Assembly with name 'UniFramework.Event' already exists (Assets/Samples/YooAsset/2.3.6/Space Shooter/ThirdParty/UniFramework/UniEvent/Runtime/UniFramework.Event.asmdef)
Assembly with name 'UniFramework.Event' already exists (Assets/Samples/Space Shooter/ThirdParty/UniFramework/UniEvent/Runtime/UniFramework.Event.asmdef)
Begin MonoManager ReloadAssembly
- Loaded All Assemblies, in  0.807 seconds
Refreshing native plugins compatible for Editor in 18.96 ms, found 3 plugins.
Native extension for UWP target not found
Native extension for LinuxStandalone target not found
Native extension for WindowsStandalone target not found
Native extension for AppleTV target not found
Failed to load: D:/2022.3.34Unity/Editor/Data/PlaybackEngines/VisionOSPlayer\x64\UnityEditor.VisionOS.Native.dll
Native extension for VisionOS target not found
Native extension for iOS target not found
Native extension for Android target not found
Native extension for OSXStandalone target not found
Assembly with name 'UniFramework.Utility' already exists (Assets/Samples/YooAsset/2.3.6/Space Shooter/ThirdParty/UniFramework/UniUtility/Runtime/UniFramework.Utility.asmdef)
Assembly with name 'UniFramework.Utility' already exists (Assets/Samples/Space Shooter/ThirdParty/UniFramework/UniUtility/Runtime/UniFramework.Utility.asmdef)
Assembly with name 'UniFramework.Machine' already exists (Assets/Samples/YooAsset/2.3.6/Space Shooter/ThirdParty/UniFramework/UniMachine/Runtime/UniFramework.Machine.asmdef)
Assembly with name 'UniFramework.Machine' already exists (Assets/Samples/Space Shooter/ThirdParty/UniFramework/UniMachine/Runtime/UniFramework.Machine.asmdef)
Assembly with name 'UniFramework.Event' already exists (Assets/Samples/YooAsset/2.3.6/Space Shooter/ThirdParty/UniFramework/UniEvent/Runtime/UniFramework.Event.asmdef)
Assembly with name 'UniFramework.Event' already exists (Assets/Samples/Space Shooter/ThirdParty/UniFramework/UniEvent/Runtime/UniFramework.Event.asmdef)
[Package Manager] Server::EnsureServerProcessIsRunning -- launch failed, reason: Unity was launched with the -noUpm command-line argument
[Package Manager] UpmClient::Send -- Unable to send message (not connected to UPM process).
[Package Manager] Cannot connect to Unity Package Manager local server
Mono: successfully reloaded assembly
- Finished resetting the current domain, in  2.417 seconds
Domain Reload Profiling: 3195ms
	BeginReloadAssembly (275ms)
		ExecutionOrderSort (0ms)
		DisableScriptedObjects (5ms)
		BackupInstance (0ms)
		ReleaseScriptingObjects (0ms)
		CreateAndSetChildDomain (52ms)
	RebuildCommonClasses (31ms)
	RebuildNativeTypeToScriptingClass (9ms)
	initialDomainReloadingComplete (71ms)
	LoadAllAssembliesAndSetupDomain (390ms)
		LoadAssemblies (533ms)
		RebuildTransferFunctionScriptingTraits (0ms)
		AnalyzeDomain (20ms)
			TypeCache.Refresh (8ms)
				TypeCache.ScanAssembly (1ms)
			ScanForSourceGeneratedMonoScriptInfo (6ms)
			ResolveRequiredComponents (5ms)
	FinalizeReload (2417ms)
		ReleaseScriptCaches (0ms)
		RebuildScriptCaches (0ms)
		SetupLoadedEditorAssemblies (761ms)
			LogAssemblyErrors (0ms)
			InitializePlatformSupportModulesInManaged (102ms)
			SetLoadedEditorAssemblies (4ms)
			RefreshPlugins (0ms)
			BeforeProcessingInitializeOnLoad (145ms)
			ProcessInitializeOnLoadAttributes (452ms)
			ProcessInitializeOnLoadMethodAttributes (19ms)
			AfterProcessingInitializeOnLoad (40ms)
			EditorAssembliesLoaded (0ms)
		ExecutionOrderSort2 (0ms)
		AwakeInstancesAfterBackupRestoration (10ms)
Refreshing native plugins compatible for Editor in 18.00 ms, found 3 plugins.
Preloading 0 native plugins for Editor in 0.00 ms.
Unloading 3645 Unused Serialized files (Serialized files now loaded: 0)
Unloading 24 unused Assets / (31.6 KB). Loaded Objects now: 4132.
Memory consumption went from 133.7 MB to 133.6 MB.
Total: 3.246000 ms (FindLiveObjects: 0.240400 ms CreateObjectMapping: 0.195900 ms MarkObjects: 2.763600 ms  DeleteObjects: 0.045200 ms)

Prepare: number of updated asset objects reloaded= 0
AssetImportParameters requested are different than current active one (requested -> active):
  custom:container-demuxer-ogg: 62fdf1f143b41e24485cea50d1cbac27 -> 
  custom:video-codec-MediaFoundation-h265: 746d11721c4dcdbdad8f713fa42b33f4 -> 
  custom:video-decoder-ogg-theora: a1e56fd34408186e4bbccfd4996cb3dc -> 
  custom:framework-win-MediaFoundation: 216162199b28c13a410421893ffa2e32 -> 
  custom:CustomObjectIndexerAttribute: 9a22284fe3817be447336de3de66b15e -> 
  custom:container-demuxer-webm: 4f35f7cbe854078d1ac9338744f61a02 -> 
  custom:container-muxer-webm: aa71ff27fc2769a1b78a27578f13a17b -> 
  custom:video-decoder-webm-vp8: 9c59270c3fd7afecdb556c50c9e8de78 -> 
  custom:SearchIndexIgnoredProperties: e643bd26f0fe6173181afceb89e7c659 -> 
  custom:AudioImporter_EditorPlatform: d09bf68614088b80899f8185d706f6e7 -> 
  custom:video-encoder-webm-vp8: eb34c28f22e8b96e1ab97ce403110664 -> 
  custom:audio-decoder-ogg-vorbis: bf7c407c2cedff20999df2af8eb42d56 -> 
  custom:audio-encoder-webm-vorbis: bf7c407c2cedff20999df2af8eb42d56 -> 
